<?xml version="1.0" encoding="UTF-8"?>
<testng-results ignored="0" total="2" passed="2" failed="0" skipped="0">
  <reporter-output>
  </reporter-output>
  <suite started-at="2023-08-08T09:20:44 IST" name="Surefire suite" finished-at="2023-08-08T09:20:44 IST" duration-ms="43">
    <groups>
    </groups>
    <test started-at="2023-08-08T09:20:44 IST" name="Surefire test" finished-at="2023-08-08T09:20:44 IST" duration-ms="43">
      <class name="mavenproject.AppTest">
        <test-method signature="testLogin1()[pri:0, instance:mavenproject.AppTest@70beb599]" started-at="2023-08-08T09:20:44 IST" name="testLogin1" finished-at="2023-08-08T09:20:44 IST" duration-ms="12" status="PASS">
          <reporter-output>
          </reporter-output>
        </test-method> <!-- testLogin1 -->
        <test-method signature="testLogin2()[pri:0, instance:mavenproject.AppTest@70beb599]" started-at="2023-08-08T09:20:44 IST" name="testLogin2" finished-at="2023-08-08T09:20:44 IST" duration-ms="0" status="PASS">
          <reporter-output>
          </reporter-output>
        </test-method> <!-- testLogin2 -->
      </class> <!-- mavenproject.AppTest -->
    </test> <!-- Surefire test -->
  </suite> <!-- Surefire suite -->
</testng-results>
