<?xml version="1.0" encoding="UTF-8"?>
<testsuite xmlns:xsi="http://www.w3.org/2001/XMLSchema-instance" xsi:noNamespaceSchemaLocation="https://maven.apache.org/surefire/maven-surefire-plugin/xsd/surefire-test-report-3.0.xsd" version="3.0" name="mavenproject.AppTest" time="0.365" tests="2" errors="0" skipped="0" failures="0">
  <properties>
[...]
</properties>
  <testcase name="testLogin1" classname="mavenproject.AppTest" time="0.012"/>
  <testcase name="testLogin2" classname="mavenproject.AppTest" time="0"/>
</testsuite>