<?xml version="1.0" encoding="UTF-8"?>
<testng-results ignored="0" total="2" passed="2" failed="0" skipped="0">
  <reporter-output>
  </reporter-output>
  <suite started-at="2023-08-08T09:20:00 IST" name="Default suite" finished-at="2023-08-08T09:20:01 IST" duration-ms="89">
    <groups>
    </groups>
    <test started-at="2023-08-08T09:20:00 IST" name="Default test" finished-at="2023-08-08T09:20:01 IST" duration-ms="89">
      <class name="mavenproject.AppTest">
        <test-method signature="testLogin1()[pri:0, instance:mavenproject.AppTest@b3ca52e]" started-at="2023-08-08T09:20:01 IST" name="testLogin1" finished-at="2023-08-08T09:20:01 IST" duration-ms="15" status="PASS">
          <reporter-output>
          </reporter-output>
        </test-method> <!-- testLogin1 -->
        <test-method signature="testLogin2()[pri:0, instance:mavenproject.AppTest@b3ca52e]" started-at="2023-08-08T09:20:01 IST" name="testLogin2" finished-at="2023-08-08T09:20:01 IST" duration-ms="3" status="PASS">
          <reporter-output>
          </reporter-output>
        </test-method> <!-- testLogin2 -->
      </class> <!-- mavenproject.AppTest -->
    </test> <!-- Default test -->
  </suite> <!-- Default suite -->
</testng-results>
